<?xml version="1.0" encoding="UTF-8"?>
<!-- Generated by org.testng.reporters.JUnitReportReporter -->
<testsuite hostname="LAPTOP-POU4HL4H" failures="0" tests="2" name="cucumberOptions.TestNGRunner" time="0.136" errors="0" timestamp="2025-04-29T13:23:11 GMT-04:00" skipped="0">
  <testcase classname="cucumberOptions.TestNGRunner" name="runScenario" time="0.118"/>
  <testcase classname="cucumberOptions.TestNGRunner" name="runScenario" time="0.018"/>
</testsuite> <!-- cucumberOptions.TestNGRunner -->
