<?xml version="1.0" encoding="UTF-8"?>
<!-- Generated by org.testng.reporters.JUnitReportReporter -->
<testsuite hostname="LAPTOP-POU4HL4H" failures="0" tests="1" name="cucumberOptions.TestNGRunner" time="0.081" errors="0" timestamp="2025-04-29T12:15:01 GMT-04:00" skipped="0">
  <testcase classname="cucumberOptions.TestNGRunner" name="runScenario" time="0.081"/>
</testsuite> <!-- cucumberOptions.TestNGRunner -->
